<?xml version="1.0" encoding="UTF-8"?>
<!-- Generated by org.testng.reporters.JUnitXMLReporter -->
<testsuite ignored="0" hostname="DESKTOP-BTT9JPH" failures="0" tests="11" name="Command line test" time="41.038" errors="0" timestamp="2021-03-03T18:57:06 IST">
  <testcase classname="Hackathon.Testng_CalculateTripCost" name="SetUrl" time="2.807"/>
  <testcase classname="Hackathon.Testng_CalculateTripCost" name="SearchDestination" time="3.502"/>
  <testcase classname="Hackathon.Testng_CalculateTripCost" name="ClickHolidayHomesButton" time="6.975"/>
  <testcase classname="Hackathon.Testng_CalculateTripCost" name="SetDate" time="2.119"/>
  <testcase classname="Hackathon.Testng_CalculateTripCost" name="NoOfGuests" time="0.626"/>
  <testcase classname="Hackathon.Testng_CalculateTripCost" name="RatingSort" time="1.67"/>
  <testcase classname="Hackathon.Testng_CalculateTripCost" name="LiftAccess" time="1.755"/>
  <testcase classname="Hackathon.Testng_CalculateTripCost" name="HotelDetails" time="0.904"/>
  <testcase classname="Hackathon.Testng_CalculateTripCost" name="GetHotelScreenShots" time="11.486"/>
  <testcase classname="Hackathon.Testng_CalculateTripCost" name="SetCruises" time="5.34"/>
  <testcase classname="Hackathon.Testng_CalculateTripCost" name="GetCruiseDetails" time="3.832"/>
</testsuite> <!-- Command line test -->
