<?xml version="1.0" encoding="UTF-8"?>
<!-- Generated by org.testng.reporters.JUnitXMLReporter -->
<testsuite ignored="9" hostname="DESKTOP-BTT9JPH" failures="0" tests="2" name="Default test" time="12.028" errors="0" timestamp="2021-03-03T19:18:42 IST">
  <testcase classname="Hackathon.Testng_CalculateTripCost" name="SetCruises" time="8.085"/>
  <testcase classname="Hackathon.Testng_CalculateTripCost" name="GetCruiseDetails" time="3.919"/>
  <testcase classname="Hackathon.Testng_CalculateTripCost" name="LiftAccess" time="0.0">
    <ignored/>
  </testcase> <!-- LiftAccess -->
  <testcase classname="Hackathon.Testng_CalculateTripCost" name="RatingSort" time="0.0">
    <ignored/>
  </testcase> <!-- RatingSort -->
  <testcase classname="Hackathon.Testng_CalculateTripCost" name="ClickHolidayHomesButton" time="0.0">
    <ignored/>
  </testcase> <!-- ClickHolidayHomesButton -->
  <testcase classname="Hackathon.Testng_CalculateTripCost" name="SetUrl" time="0.0">
    <ignored/>
  </testcase> <!-- SetUrl -->
  <testcase classname="Hackathon.Testng_CalculateTripCost" name="HotelDetails" time="0.0">
    <ignored/>
  </testcase> <!-- HotelDetails -->
  <testcase classname="Hackathon.Testng_CalculateTripCost" name="SearchDestination" time="0.0">
    <ignored/>
  </testcase> <!-- SearchDestination -->
  <testcase classname="Hackathon.Testng_CalculateTripCost" name="NoOfGuests" time="0.0">
    <ignored/>
  </testcase> <!-- NoOfGuests -->
  <testcase classname="Hackathon.Testng_CalculateTripCost" name="SetDate" time="0.0">
    <ignored/>
  </testcase> <!-- SetDate -->
  <testcase classname="Hackathon.Testng_CalculateTripCost" name="GetHotelScreenShots" time="0.0">
    <ignored/>
  </testcase> <!-- GetHotelScreenShots -->
</testsuite> <!-- Default test -->
