<?xml version="1.0" encoding="UTF-8"?>
<!-- Generated by org.testng.reporters.JUnitXMLReporter -->
<testsuite ignored="0" hostname="DESKTOP-BTT9JPH" failures="0" tests="11" name="Default test" time="40.428" errors="0" timestamp="2021-03-03T21:16:09 IST">
  <testcase classname="Hackathon.Testng_CalculateTripCost" name="SetUrl" time="3.23"/>
  <testcase classname="Hackathon.Testng_CalculateTripCost" name="SearchDestination" time="4.113"/>
  <testcase classname="Hackathon.Testng_CalculateTripCost" name="ClickHolidayHomesButton" time="6.47"/>
  <testcase classname="Hackathon.Testng_CalculateTripCost" name="SetDate" time="2.098"/>
  <testcase classname="Hackathon.Testng_CalculateTripCost" name="NoOfGuests" time="0.594"/>
  <testcase classname="Hackathon.Testng_CalculateTripCost" name="RatingSort" time="1.539"/>
  <testcase classname="Hackathon.Testng_CalculateTripCost" name="LiftAccess" time="1.978"/>
  <testcase classname="Hackathon.Testng_CalculateTripCost" name="HotelDetails" time="0.821"/>
  <testcase classname="Hackathon.Testng_CalculateTripCost" name="GetHotelScreenShots" time="10.527"/>
  <testcase classname="Hackathon.Testng_CalculateTripCost" name="SetCruises" time="5.142"/>
  <testcase classname="Hackathon.Testng_CalculateTripCost" name="GetCruiseDetails" time="3.884"/>
</testsuite> <!-- Default test -->
