<?xml version="1.0" encoding="UTF-8"?>
<testng-results ignored="0" total="11" passed="11" failed="0" skipped="0">
  <reporter-output>
  </reporter-output>
  <suite started-at="2021-03-03T18:56:25 IST" name="Hackathon.Testng_CalculateTripCost" finished-at="2021-03-03T18:57:06 IST" duration-ms="41038">
    <groups>
      <group name="Hotels">
        <method signature="Testng_CalculateTripCost.GetHotelScreenShots()[pri:8, instance:Hackathon.Testng_CalculateTripCost@3444d69d]" name="GetHotelScreenShots" class="Hackathon.Testng_CalculateTripCost"/>
        <method signature="Testng_CalculateTripCost.HotelDetails()[pri:7, instance:Hackathon.Testng_CalculateTripCost@3444d69d]" name="HotelDetails" class="Hackathon.Testng_CalculateTripCost"/>
        <method signature="Testng_CalculateTripCost.LiftAccess()[pri:6, instance:Hackathon.Testng_CalculateTripCost@3444d69d]" name="LiftAccess" class="Hackathon.Testng_CalculateTripCost"/>
        <method signature="Testng_CalculateTripCost.NoOfGuests()[pri:4, instance:Hackathon.Testng_CalculateTripCost@3444d69d]" name="NoOfGuests" class="Hackathon.Testng_CalculateTripCost"/>
        <method signature="Testng_CalculateTripCost.RatingSort()[pri:5, instance:Hackathon.Testng_CalculateTripCost@3444d69d]" name="RatingSort" class="Hackathon.Testng_CalculateTripCost"/>
        <method signature="Testng_CalculateTripCost.SearchDestination()[pri:1, instance:Hackathon.Testng_CalculateTripCost@3444d69d]" name="SearchDestination" class="Hackathon.Testng_CalculateTripCost"/>
        <method signature="Testng_CalculateTripCost.ClickHolidayHomesButton()[pri:2, instance:Hackathon.Testng_CalculateTripCost@3444d69d]" name="ClickHolidayHomesButton" class="Hackathon.Testng_CalculateTripCost"/>
        <method signature="Testng_CalculateTripCost.SetUrl()[pri:0, instance:Hackathon.Testng_CalculateTripCost@3444d69d]" name="SetUrl" class="Hackathon.Testng_CalculateTripCost"/>
        <method signature="Testng_CalculateTripCost.SetDate()[pri:3, instance:Hackathon.Testng_CalculateTripCost@3444d69d]" name="SetDate" class="Hackathon.Testng_CalculateTripCost"/>
      </group> <!-- Hotels -->
      <group name="Cruises">
        <method signature="Testng_CalculateTripCost.SetCruises()[pri:9, instance:Hackathon.Testng_CalculateTripCost@3444d69d]" name="SetCruises" class="Hackathon.Testng_CalculateTripCost"/>
        <method signature="Testng_CalculateTripCost.GetCruiseDetails()[pri:10, instance:Hackathon.Testng_CalculateTripCost@3444d69d]" name="GetCruiseDetails" class="Hackathon.Testng_CalculateTripCost"/>
      </group> <!-- Cruises -->
    </groups>
    <test started-at="2021-03-03T18:56:25 IST" name="Command line test" finished-at="2021-03-03T18:57:06 IST" duration-ms="41038">
      <class name="Hackathon.Testng_CalculateTripCost">
        <test-method is-config="true" signature="SetDrivers()[pri:0, instance:Hackathon.Testng_CalculateTripCost@3444d69d]" started-at="2021-03-03T18:56:19 IST" name="SetDrivers" finished-at="2021-03-03T18:56:25 IST" duration-ms="5818" status="PASS">
          <reporter-output>
          </reporter-output>
        </test-method> <!-- SetDrivers -->
        <test-method signature="SetUrl()[pri:0, instance:Hackathon.Testng_CalculateTripCost@3444d69d]" started-at="2021-03-03T18:56:25 IST" name="SetUrl" finished-at="2021-03-03T18:56:28 IST" duration-ms="2807" status="PASS">
          <reporter-output>
          </reporter-output>
        </test-method> <!-- SetUrl -->
        <test-method is-config="true" signature="screenShot(org.testng.ITestResult)[pri:0, instance:Hackathon.Testng_CalculateTripCost@3444d69d]" started-at="2021-03-03T18:56:28 IST" name="screenShot" finished-at="2021-03-03T18:56:28 IST" duration-ms="1" status="PASS">
          <params>
            <param index="0">
              <value>
                <![CDATA[[TestResult name=SetUrl status=SUCCESS method=Testng_CalculateTripCost.SetUrl()[pri:0, instance:Hackathon.Testng_CalculateTripCost@3444d69d] output={null}]]]>
              </value>
            </param>
          </params>
          <reporter-output>
          </reporter-output>
        </test-method> <!-- screenShot -->
        <test-method signature="SearchDestination()[pri:1, instance:Hackathon.Testng_CalculateTripCost@3444d69d]" started-at="2021-03-03T18:56:28 IST" name="SearchDestination" finished-at="2021-03-03T18:56:31 IST" duration-ms="3502" status="PASS">
          <reporter-output>
          </reporter-output>
        </test-method> <!-- SearchDestination -->
        <test-method is-config="true" signature="screenShot(org.testng.ITestResult)[pri:0, instance:Hackathon.Testng_CalculateTripCost@3444d69d]" started-at="2021-03-03T18:56:31 IST" name="screenShot" finished-at="2021-03-03T18:56:31 IST" duration-ms="1" status="PASS">
          <params>
            <param index="0">
              <value>
                <![CDATA[[TestResult name=SearchDestination status=SUCCESS method=Testng_CalculateTripCost.SearchDestination()[pri:1, instance:Hackathon.Testng_CalculateTripCost@3444d69d] output={null}]]]>
              </value>
            </param>
          </params>
          <reporter-output>
          </reporter-output>
        </test-method> <!-- screenShot -->
        <test-method signature="ClickHolidayHomesButton()[pri:2, instance:Hackathon.Testng_CalculateTripCost@3444d69d]" started-at="2021-03-03T18:56:31 IST" name="ClickHolidayHomesButton" finished-at="2021-03-03T18:56:38 IST" depends-on-methods="Hackathon.Testng_CalculateTripCost.SearchDestination" duration-ms="6975" status="PASS">
          <reporter-output>
          </reporter-output>
        </test-method> <!-- ClickHolidayHomesButton -->
        <test-method is-config="true" signature="screenShot(org.testng.ITestResult)[pri:0, instance:Hackathon.Testng_CalculateTripCost@3444d69d]" started-at="2021-03-03T18:56:38 IST" name="screenShot" finished-at="2021-03-03T18:56:38 IST" duration-ms="0" status="PASS">
          <params>
            <param index="0">
              <value>
                <![CDATA[[TestResult name=ClickHolidayHomesButton status=SUCCESS method=Testng_CalculateTripCost.ClickHolidayHomesButton()[pri:2, instance:Hackathon.Testng_CalculateTripCost@3444d69d] output={null}]]]>
              </value>
            </param>
          </params>
          <reporter-output>
          </reporter-output>
        </test-method> <!-- screenShot -->
        <test-method signature="SetDate()[pri:3, instance:Hackathon.Testng_CalculateTripCost@3444d69d]" started-at="2021-03-03T18:56:38 IST" name="SetDate" finished-at="2021-03-03T18:56:40 IST" duration-ms="2119" status="PASS">
          <reporter-output>
          </reporter-output>
        </test-method> <!-- SetDate -->
        <test-method is-config="true" signature="screenShot(org.testng.ITestResult)[pri:0, instance:Hackathon.Testng_CalculateTripCost@3444d69d]" started-at="2021-03-03T18:56:40 IST" name="screenShot" finished-at="2021-03-03T18:56:40 IST" duration-ms="0" status="PASS">
          <params>
            <param index="0">
              <value>
                <![CDATA[[TestResult name=SetDate status=SUCCESS method=Testng_CalculateTripCost.SetDate()[pri:3, instance:Hackathon.Testng_CalculateTripCost@3444d69d] output={null}]]]>
              </value>
            </param>
          </params>
          <reporter-output>
          </reporter-output>
        </test-method> <!-- screenShot -->
        <test-method signature="NoOfGuests()[pri:4, instance:Hackathon.Testng_CalculateTripCost@3444d69d]" started-at="2021-03-03T18:56:40 IST" name="NoOfGuests" finished-at="2021-03-03T18:56:41 IST" duration-ms="626" status="PASS">
          <reporter-output>
          </reporter-output>
        </test-method> <!-- NoOfGuests -->
        <test-method is-config="true" signature="screenShot(org.testng.ITestResult)[pri:0, instance:Hackathon.Testng_CalculateTripCost@3444d69d]" started-at="2021-03-03T18:56:41 IST" name="screenShot" finished-at="2021-03-03T18:56:41 IST" duration-ms="0" status="PASS">
          <params>
            <param index="0">
              <value>
                <![CDATA[[TestResult name=NoOfGuests status=SUCCESS method=Testng_CalculateTripCost.NoOfGuests()[pri:4, instance:Hackathon.Testng_CalculateTripCost@3444d69d] output={null}]]]>
              </value>
            </param>
          </params>
          <reporter-output>
          </reporter-output>
        </test-method> <!-- screenShot -->
        <test-method signature="RatingSort()[pri:5, instance:Hackathon.Testng_CalculateTripCost@3444d69d]" started-at="2021-03-03T18:56:41 IST" name="RatingSort" finished-at="2021-03-03T18:56:42 IST" duration-ms="1670" status="PASS">
          <reporter-output>
          </reporter-output>
        </test-method> <!-- RatingSort -->
        <test-method is-config="true" signature="screenShot(org.testng.ITestResult)[pri:0, instance:Hackathon.Testng_CalculateTripCost@3444d69d]" started-at="2021-03-03T18:56:42 IST" name="screenShot" finished-at="2021-03-03T18:56:42 IST" duration-ms="0" status="PASS">
          <params>
            <param index="0">
              <value>
                <![CDATA[[TestResult name=RatingSort status=SUCCESS method=Testng_CalculateTripCost.RatingSort()[pri:5, instance:Hackathon.Testng_CalculateTripCost@3444d69d] output={null}]]]>
              </value>
            </param>
          </params>
          <reporter-output>
          </reporter-output>
        </test-method> <!-- screenShot -->
        <test-method signature="LiftAccess()[pri:6, instance:Hackathon.Testng_CalculateTripCost@3444d69d]" started-at="2021-03-03T18:56:42 IST" name="LiftAccess" finished-at="2021-03-03T18:56:44 IST" duration-ms="1755" status="PASS">
          <reporter-output>
          </reporter-output>
        </test-method> <!-- LiftAccess -->
        <test-method is-config="true" signature="screenShot(org.testng.ITestResult)[pri:0, instance:Hackathon.Testng_CalculateTripCost@3444d69d]" started-at="2021-03-03T18:56:44 IST" name="screenShot" finished-at="2021-03-03T18:56:44 IST" duration-ms="0" status="PASS">
          <params>
            <param index="0">
              <value>
                <![CDATA[[TestResult name=LiftAccess status=SUCCESS method=Testng_CalculateTripCost.LiftAccess()[pri:6, instance:Hackathon.Testng_CalculateTripCost@3444d69d] output={null}]]]>
              </value>
            </param>
          </params>
          <reporter-output>
          </reporter-output>
        </test-method> <!-- screenShot -->
        <test-method signature="HotelDetails()[pri:7, instance:Hackathon.Testng_CalculateTripCost@3444d69d]" started-at="2021-03-03T18:56:44 IST" name="HotelDetails" finished-at="2021-03-03T18:56:45 IST" duration-ms="904" status="PASS">
          <reporter-output>
          </reporter-output>
        </test-method> <!-- HotelDetails -->
        <test-method is-config="true" signature="screenShot(org.testng.ITestResult)[pri:0, instance:Hackathon.Testng_CalculateTripCost@3444d69d]" started-at="2021-03-03T18:56:45 IST" name="screenShot" finished-at="2021-03-03T18:56:45 IST" duration-ms="0" status="PASS">
          <params>
            <param index="0">
              <value>
                <![CDATA[[TestResult name=HotelDetails status=SUCCESS method=Testng_CalculateTripCost.HotelDetails()[pri:7, instance:Hackathon.Testng_CalculateTripCost@3444d69d] output={null}]]]>
              </value>
            </param>
          </params>
          <reporter-output>
          </reporter-output>
        </test-method> <!-- screenShot -->
        <test-method signature="GetHotelScreenShots()[pri:8, instance:Hackathon.Testng_CalculateTripCost@3444d69d]" started-at="2021-03-03T18:56:45 IST" name="GetHotelScreenShots" finished-at="2021-03-03T18:56:57 IST" duration-ms="11486" status="PASS">
          <reporter-output>
          </reporter-output>
        </test-method> <!-- GetHotelScreenShots -->
        <test-method is-config="true" signature="screenShot(org.testng.ITestResult)[pri:0, instance:Hackathon.Testng_CalculateTripCost@3444d69d]" started-at="2021-03-03T18:56:57 IST" name="screenShot" finished-at="2021-03-03T18:56:57 IST" duration-ms="0" status="PASS">
          <params>
            <param index="0">
              <value>
                <![CDATA[[TestResult name=GetHotelScreenShots status=SUCCESS method=Testng_CalculateTripCost.GetHotelScreenShots()[pri:8, instance:Hackathon.Testng_CalculateTripCost@3444d69d] output={null}]]]>
              </value>
            </param>
          </params>
          <reporter-output>
          </reporter-output>
        </test-method> <!-- screenShot -->
        <test-method signature="SetCruises()[pri:9, instance:Hackathon.Testng_CalculateTripCost@3444d69d]" started-at="2021-03-03T18:56:57 IST" name="SetCruises" finished-at="2021-03-03T18:57:02 IST" duration-ms="5340" status="PASS">
          <reporter-output>
          </reporter-output>
        </test-method> <!-- SetCruises -->
        <test-method signature="GetCruiseDetails()[pri:10, instance:Hackathon.Testng_CalculateTripCost@3444d69d]" started-at="2021-03-03T18:57:02 IST" name="GetCruiseDetails" finished-at="2021-03-03T18:57:06 IST" depends-on-methods="Hackathon.Testng_CalculateTripCost.SetCruises" duration-ms="3832" status="PASS">
          <reporter-output>
          </reporter-output>
        </test-method> <!-- GetCruiseDetails -->
        <test-method is-config="true" signature="screenShot(org.testng.ITestResult)[pri:0, instance:Hackathon.Testng_CalculateTripCost@3444d69d]" started-at="2021-03-03T18:57:02 IST" name="screenShot" finished-at="2021-03-03T18:57:02 IST" duration-ms="0" status="PASS">
          <params>
            <param index="0">
              <value>
                <![CDATA[[TestResult name=SetCruises status=SUCCESS method=Testng_CalculateTripCost.SetCruises()[pri:9, instance:Hackathon.Testng_CalculateTripCost@3444d69d] output={null}]]]>
              </value>
            </param>
          </params>
          <reporter-output>
          </reporter-output>
        </test-method> <!-- screenShot -->
        <test-method is-config="true" signature="screenShot(org.testng.ITestResult)[pri:0, instance:Hackathon.Testng_CalculateTripCost@3444d69d]" started-at="2021-03-03T18:57:06 IST" name="screenShot" finished-at="2021-03-03T18:57:06 IST" duration-ms="0" status="PASS">
          <params>
            <param index="0">
              <value>
                <![CDATA[[TestResult name=GetCruiseDetails status=SUCCESS method=Testng_CalculateTripCost.GetCruiseDetails()[pri:10, instance:Hackathon.Testng_CalculateTripCost@3444d69d] output={null}]]]>
              </value>
            </param>
          </params>
          <reporter-output>
          </reporter-output>
        </test-method> <!-- screenShot -->
        <test-method is-config="true" signature="CloseBrowser()[pri:0, instance:Hackathon.Testng_CalculateTripCost@3444d69d]" started-at="2021-03-03T18:57:06 IST" name="CloseBrowser" finished-at="2021-03-03T18:57:07 IST" duration-ms="831" status="PASS">
          <reporter-output>
          </reporter-output>
        </test-method> <!-- CloseBrowser -->
      </class> <!-- Hackathon.Testng_CalculateTripCost -->
    </test> <!-- Command line test -->
  </suite> <!-- Hackathon.Testng_CalculateTripCost -->
</testng-results>
