<?xml version="1.0" encoding="UTF-8" ?>
<testsuite tests="11" failures="0" name="Hackathon.Testng_CalculateTripCost" time="41.017" errors="0" skipped="0">
  <properties>
[...]
</properties>
  <testcase classname="Hackathon.Testng_CalculateTripCost" name="SetUrl" time="2.808"/>
  <testcase classname="Hackathon.Testng_CalculateTripCost" name="SearchDestination" time="3.502"/>
  <testcase classname="Hackathon.Testng_CalculateTripCost" name="ClickHolidayHomesButton" time="6.975"/>
  <testcase classname="Hackathon.Testng_CalculateTripCost" name="SetDate" time="2.12"/>
  <testcase classname="Hackathon.Testng_CalculateTripCost" name="NoOfGuests" time="0.626"/>
  <testcase classname="Hackathon.Testng_CalculateTripCost" name="RatingSort" time="1.67"/>
  <testcase classname="Hackathon.Testng_CalculateTripCost" name="LiftAccess" time="1.755"/>
  <testcase classname="Hackathon.Testng_CalculateTripCost" name="HotelDetails" time="0.904"/>
  <testcase classname="Hackathon.Testng_CalculateTripCost" name="GetHotelScreenShots" time="11.485"/>
  <testcase classname="Hackathon.Testng_CalculateTripCost" name="SetCruises" time="5.34"/>
  <testcase classname="Hackathon.Testng_CalculateTripCost" name="GetCruiseDetails" time="3.832"/>
</testsuite>