<?xml version="1.0" encoding="UTF-8"?>
<testng-results ignored="0" total="11" passed="11" failed="0" skipped="0">
  <reporter-output>
  </reporter-output>
  <suite started-at="2021-02-26T20:07:10 IST" name="Default suite" finished-at="2021-02-26T20:07:54 IST" duration-ms="43406">
    <groups>
    </groups>
    <test started-at="2021-02-26T20:07:10 IST" name="Default test" finished-at="2021-02-26T20:07:54 IST" duration-ms="43406">
      <class name="Hackathon.Testng_CalculateTripCost">
        <test-method is-config="true" signature="SetDrivers()[pri:0, instance:Hackathon.Testng_CalculateTripCost@16ec5519]" started-at="2021-02-26T20:07:04 IST" name="SetDrivers" finished-at="2021-02-26T20:07:10 IST" duration-ms="5943" status="PASS">
          <reporter-output>
          </reporter-output>
        </test-method> <!-- SetDrivers -->
        <test-method signature="SetUrl()[pri:0, instance:Hackathon.Testng_CalculateTripCost@16ec5519]" started-at="2021-02-26T20:07:10 IST" name="SetUrl" finished-at="2021-02-26T20:07:12 IST" duration-ms="2256" status="PASS">
          <reporter-output>
          </reporter-output>
        </test-method> <!-- SetUrl -->
        <test-method is-config="true" signature="screenShot(org.testng.ITestResult)[pri:0, instance:Hackathon.Testng_CalculateTripCost@16ec5519]" started-at="2021-02-26T20:07:12 IST" name="screenShot" finished-at="2021-02-26T20:07:12 IST" duration-ms="2" status="PASS">
          <params>
            <param index="0">
              <value>
                <![CDATA[[TestResult name=SetUrl status=SUCCESS method=Testng_CalculateTripCost.SetUrl()[pri:0, instance:Hackathon.Testng_CalculateTripCost@16ec5519] output={null}]]]>
              </value>
            </param>
          </params>
          <reporter-output>
          </reporter-output>
        </test-method> <!-- screenShot -->
        <test-method signature="SearchDestination()[pri:1, instance:Hackathon.Testng_CalculateTripCost@16ec5519]" started-at="2021-02-26T20:07:12 IST" name="SearchDestination" finished-at="2021-02-26T20:07:16 IST" duration-ms="3698" status="PASS">
          <reporter-output>
          </reporter-output>
        </test-method> <!-- SearchDestination -->
        <test-method is-config="true" signature="screenShot(org.testng.ITestResult)[pri:0, instance:Hackathon.Testng_CalculateTripCost@16ec5519]" started-at="2021-02-26T20:07:16 IST" name="screenShot" finished-at="2021-02-26T20:07:16 IST" duration-ms="1" status="PASS">
          <params>
            <param index="0">
              <value>
                <![CDATA[[TestResult name=SearchDestination status=SUCCESS method=Testng_CalculateTripCost.SearchDestination()[pri:1, instance:Hackathon.Testng_CalculateTripCost@16ec5519] output={null}]]]>
              </value>
            </param>
          </params>
          <reporter-output>
          </reporter-output>
        </test-method> <!-- screenShot -->
        <test-method signature="ClickHolidayHomesButton()[pri:2, instance:Hackathon.Testng_CalculateTripCost@16ec5519]" started-at="2021-02-26T20:07:16 IST" name="ClickHolidayHomesButton" finished-at="2021-02-26T20:07:23 IST" depends-on-methods="Hackathon.Testng_CalculateTripCost.SearchDestination" duration-ms="6794" status="PASS">
          <reporter-output>
          </reporter-output>
        </test-method> <!-- ClickHolidayHomesButton -->
        <test-method is-config="true" signature="screenShot(org.testng.ITestResult)[pri:0, instance:Hackathon.Testng_CalculateTripCost@16ec5519]" started-at="2021-02-26T20:07:23 IST" name="screenShot" finished-at="2021-02-26T20:07:23 IST" duration-ms="1" status="PASS">
          <params>
            <param index="0">
              <value>
                <![CDATA[[TestResult name=ClickHolidayHomesButton status=SUCCESS method=Testng_CalculateTripCost.ClickHolidayHomesButton()[pri:2, instance:Hackathon.Testng_CalculateTripCost@16ec5519] output={null}]]]>
              </value>
            </param>
          </params>
          <reporter-output>
          </reporter-output>
        </test-method> <!-- screenShot -->
        <test-method signature="SetDate()[pri:3, instance:Hackathon.Testng_CalculateTripCost@16ec5519]" started-at="2021-02-26T20:07:23 IST" name="SetDate" finished-at="2021-02-26T20:07:25 IST" duration-ms="2278" status="PASS">
          <reporter-output>
          </reporter-output>
        </test-method> <!-- SetDate -->
        <test-method signature="NoOfGuests()[pri:4, instance:Hackathon.Testng_CalculateTripCost@16ec5519]" started-at="2021-02-26T20:07:25 IST" name="NoOfGuests" finished-at="2021-02-26T20:07:26 IST" duration-ms="773" status="PASS">
          <reporter-output>
          </reporter-output>
        </test-method> <!-- NoOfGuests -->
        <test-method is-config="true" signature="screenShot(org.testng.ITestResult)[pri:0, instance:Hackathon.Testng_CalculateTripCost@16ec5519]" started-at="2021-02-26T20:07:25 IST" name="screenShot" finished-at="2021-02-26T20:07:25 IST" duration-ms="0" status="PASS">
          <params>
            <param index="0">
              <value>
                <![CDATA[[TestResult name=SetDate status=SUCCESS method=Testng_CalculateTripCost.SetDate()[pri:3, instance:Hackathon.Testng_CalculateTripCost@16ec5519] output={null}]]]>
              </value>
            </param>
          </params>
          <reporter-output>
          </reporter-output>
        </test-method> <!-- screenShot -->
        <test-method is-config="true" signature="screenShot(org.testng.ITestResult)[pri:0, instance:Hackathon.Testng_CalculateTripCost@16ec5519]" started-at="2021-02-26T20:07:26 IST" name="screenShot" finished-at="2021-02-26T20:07:26 IST" duration-ms="1" status="PASS">
          <params>
            <param index="0">
              <value>
                <![CDATA[[TestResult name=NoOfGuests status=SUCCESS method=Testng_CalculateTripCost.NoOfGuests()[pri:4, instance:Hackathon.Testng_CalculateTripCost@16ec5519] output={null}]]]>
              </value>
            </param>
          </params>
          <reporter-output>
          </reporter-output>
        </test-method> <!-- screenShot -->
        <test-method signature="RatingSort()[pri:5, instance:Hackathon.Testng_CalculateTripCost@16ec5519]" started-at="2021-02-26T20:07:26 IST" name="RatingSort" finished-at="2021-02-26T20:07:28 IST" duration-ms="1738" status="PASS">
          <reporter-output>
          </reporter-output>
        </test-method> <!-- RatingSort -->
        <test-method is-config="true" signature="screenShot(org.testng.ITestResult)[pri:0, instance:Hackathon.Testng_CalculateTripCost@16ec5519]" started-at="2021-02-26T20:07:28 IST" name="screenShot" finished-at="2021-02-26T20:07:28 IST" duration-ms="0" status="PASS">
          <params>
            <param index="0">
              <value>
                <![CDATA[[TestResult name=RatingSort status=SUCCESS method=Testng_CalculateTripCost.RatingSort()[pri:5, instance:Hackathon.Testng_CalculateTripCost@16ec5519] output={null}]]]>
              </value>
            </param>
          </params>
          <reporter-output>
          </reporter-output>
        </test-method> <!-- screenShot -->
        <test-method signature="LiftAccess()[pri:6, instance:Hackathon.Testng_CalculateTripCost@16ec5519]" started-at="2021-02-26T20:07:28 IST" name="LiftAccess" finished-at="2021-02-26T20:07:30 IST" duration-ms="1746" status="PASS">
          <reporter-output>
          </reporter-output>
        </test-method> <!-- LiftAccess -->
        <test-method is-config="true" signature="screenShot(org.testng.ITestResult)[pri:0, instance:Hackathon.Testng_CalculateTripCost@16ec5519]" started-at="2021-02-26T20:07:30 IST" name="screenShot" finished-at="2021-02-26T20:07:30 IST" duration-ms="1" status="PASS">
          <params>
            <param index="0">
              <value>
                <![CDATA[[TestResult name=LiftAccess status=SUCCESS method=Testng_CalculateTripCost.LiftAccess()[pri:6, instance:Hackathon.Testng_CalculateTripCost@16ec5519] output={null}]]]>
              </value>
            </param>
          </params>
          <reporter-output>
          </reporter-output>
        </test-method> <!-- screenShot -->
        <test-method signature="HotelDetails()[pri:7, instance:Hackathon.Testng_CalculateTripCost@16ec5519]" started-at="2021-02-26T20:07:30 IST" name="HotelDetails" finished-at="2021-02-26T20:07:30 IST" duration-ms="930" status="PASS">
          <reporter-output>
          </reporter-output>
        </test-method> <!-- HotelDetails -->
        <test-method is-config="true" signature="screenShot(org.testng.ITestResult)[pri:0, instance:Hackathon.Testng_CalculateTripCost@16ec5519]" started-at="2021-02-26T20:07:30 IST" name="screenShot" finished-at="2021-02-26T20:07:30 IST" duration-ms="0" status="PASS">
          <params>
            <param index="0">
              <value>
                <![CDATA[[TestResult name=HotelDetails status=SUCCESS method=Testng_CalculateTripCost.HotelDetails()[pri:7, instance:Hackathon.Testng_CalculateTripCost@16ec5519] output={null}]]]>
              </value>
            </param>
          </params>
          <reporter-output>
          </reporter-output>
        </test-method> <!-- screenShot -->
        <test-method signature="GetHotelScreenShots()[pri:8, instance:Hackathon.Testng_CalculateTripCost@16ec5519]" started-at="2021-02-26T20:07:30 IST" name="GetHotelScreenShots" finished-at="2021-02-26T20:07:43 IST" duration-ms="12856" status="PASS">
          <reporter-output>
          </reporter-output>
        </test-method> <!-- GetHotelScreenShots -->
        <test-method signature="SetCruises()[pri:9, instance:Hackathon.Testng_CalculateTripCost@16ec5519]" started-at="2021-02-26T20:07:43 IST" name="SetCruises" finished-at="2021-02-26T20:07:49 IST" duration-ms="5245" status="PASS">
          <reporter-output>
          </reporter-output>
        </test-method> <!-- SetCruises -->
        <test-method is-config="true" signature="screenShot(org.testng.ITestResult)[pri:0, instance:Hackathon.Testng_CalculateTripCost@16ec5519]" started-at="2021-02-26T20:07:43 IST" name="screenShot" finished-at="2021-02-26T20:07:43 IST" duration-ms="0" status="PASS">
          <params>
            <param index="0">
              <value>
                <![CDATA[[TestResult name=GetHotelScreenShots status=SUCCESS method=Testng_CalculateTripCost.GetHotelScreenShots()[pri:8, instance:Hackathon.Testng_CalculateTripCost@16ec5519] output={null}]]]>
              </value>
            </param>
          </params>
          <reporter-output>
          </reporter-output>
        </test-method> <!-- screenShot -->
        <test-method is-config="true" signature="screenShot(org.testng.ITestResult)[pri:0, instance:Hackathon.Testng_CalculateTripCost@16ec5519]" started-at="2021-02-26T20:07:49 IST" name="screenShot" finished-at="2021-02-26T20:07:49 IST" duration-ms="0" status="PASS">
          <params>
            <param index="0">
              <value>
                <![CDATA[[TestResult name=SetCruises status=SUCCESS method=Testng_CalculateTripCost.SetCruises()[pri:9, instance:Hackathon.Testng_CalculateTripCost@16ec5519] output={null}]]]>
              </value>
            </param>
          </params>
          <reporter-output>
          </reporter-output>
        </test-method> <!-- screenShot -->
        <test-method signature="GetCruiseDetails()[pri:10, instance:Hackathon.Testng_CalculateTripCost@16ec5519]" started-at="2021-02-26T20:07:49 IST" name="GetCruiseDetails" finished-at="2021-02-26T20:07:54 IST" depends-on-methods="Hackathon.Testng_CalculateTripCost.SetCruises" duration-ms="5060" status="PASS">
          <reporter-output>
          </reporter-output>
        </test-method> <!-- GetCruiseDetails -->
        <test-method is-config="true" signature="screenShot(org.testng.ITestResult)[pri:0, instance:Hackathon.Testng_CalculateTripCost@16ec5519]" started-at="2021-02-26T20:07:54 IST" name="screenShot" finished-at="2021-02-26T20:07:54 IST" duration-ms="0" status="PASS">
          <params>
            <param index="0">
              <value>
                <![CDATA[[TestResult name=GetCruiseDetails status=SUCCESS method=Testng_CalculateTripCost.GetCruiseDetails()[pri:10, instance:Hackathon.Testng_CalculateTripCost@16ec5519] output={null}]]]>
              </value>
            </param>
          </params>
          <reporter-output>
          </reporter-output>
        </test-method> <!-- screenShot -->
        <test-method is-config="true" signature="CloseBrowser()[pri:0, instance:Hackathon.Testng_CalculateTripCost@16ec5519]" started-at="2021-02-26T20:07:54 IST" name="CloseBrowser" finished-at="2021-02-26T20:07:54 IST" duration-ms="208" status="PASS">
          <reporter-output>
          </reporter-output>
        </test-method> <!-- CloseBrowser -->
      </class> <!-- Hackathon.Testng_CalculateTripCost -->
    </test> <!-- Default test -->
  </suite> <!-- Default suite -->
</testng-results>
